<?xml version="1.0" encoding="UTF-8"?>
<testsuite name="org.generation.webproject.WebprojectApplicationTests" tests="1" skipped="0" failures="0" errors="0" timestamp="2022-03-11T01:54:57" hostname="DESKTOP-RV4BEJ5" time="0.007">
  <properties/>
  <testcase name="contextLoads()" classname="org.generation.webproject.WebprojectApplicationTests" time="0.007"/>
  <system-out><![CDATA[2022-03-11 09:54:57.360  INFO 20912 --- [    Test worker] .b.t.c.SpringBootTestContextBootstrapper : Neither @ContextConfiguration nor @ContextHierarchy found for test class [org.generation.webproject.WebprojectApplicationTests], using SpringBootContextLoader
2022-03-11 09:54:57.362  INFO 20912 --- [    Test worker] o.s.t.c.support.AbstractContextLoader    : Could not detect default resource locations for test class [org.generation.webproject.WebprojectApplicationTests]: no resource found for suffixes {-context.xml, Context.groovy}.
2022-03-11 09:54:57.362  INFO 20912 --- [    Test worker] t.c.s.AnnotationConfigContextLoaderUtils : Could not detect default configuration classes for test class [org.generation.webproject.WebprojectApplicationTests]: WebprojectApplicationTests does not declare any static, non-private, non-final, nested classes annotated with @Configuration.
2022-03-11 09:54:57.365  INFO 20912 --- [    Test worker] .b.t.c.SpringBootTestContextBootstrapper : Found @SpringBootConfiguration org.generation.webproject.WebprojectApplication for test class org.generation.webproject.WebprojectApplicationTests
2022-03-11 09:54:57.369  INFO 20912 --- [    Test worker] .b.t.c.SpringBootTestContextBootstrapper : Loaded default TestExecutionListener class names from location [META-INF/spring.factories]: [org.springframework.boot.test.autoconfigure.restdocs.RestDocsTestExecutionListener, org.springframework.boot.test.autoconfigure.web.client.MockRestServiceServerResetTestExecutionListener, org.springframework.boot.test.autoconfigure.web.servlet.MockMvcPrintOnlyOnFailureTestExecutionListener, org.springframework.boot.test.autoconfigure.web.servlet.WebDriverTestExecutionListener, org.springframework.boot.test.autoconfigure.webservices.client.MockWebServiceServerTestExecutionListener, org.springframework.boot.test.mock.mockito.MockitoTestExecutionListener, org.springframework.boot.test.mock.mockito.ResetMocksTestExecutionListener, org.springframework.test.context.web.ServletTestExecutionListener, org.springframework.test.context.support.DirtiesContextBeforeModesTestExecutionListener, org.springframework.test.context.event.ApplicationEventsTestExecutionListener, org.springframework.test.context.support.DependencyInjectionTestExecutionListener, org.springframework.test.context.support.DirtiesContextTestExecutionListener, org.springframework.test.context.transaction.TransactionalTestExecutionListener, org.springframework.test.context.jdbc.SqlScriptsTestExecutionListener, org.springframework.test.context.event.EventPublishingTestExecutionListener]
2022-03-11 09:54:57.370  INFO 20912 --- [    Test worker] .b.t.c.SpringBootTestContextBootstrapper : Using TestExecutionListeners: [org.springframework.test.context.web.ServletTestExecutionListener@4f1ea463, org.springframework.test.context.support.DirtiesContextBeforeModesTestExecutionListener@3a641f6, org.springframework.test.context.event.ApplicationEventsTestExecutionListener@66487713, org.springframework.boot.test.mock.mockito.MockitoTestExecutionListener@18ed8b75, org.springframework.boot.test.autoconfigure.SpringBootDependencyInjectionTestExecutionListener@22ea09b7, org.springframework.test.context.support.DirtiesContextTestExecutionListener@13f255ed, org.springframework.test.context.transaction.TransactionalTestExecutionListener@36a7586f, org.springframework.test.context.jdbc.SqlScriptsTestExecutionListener@4265cbed, org.springframework.test.context.event.EventPublishingTestExecutionListener@30b0d5a7, org.springframework.boot.test.autoconfigure.restdocs.RestDocsTestExecutionListener@31ecb361, org.springframework.boot.test.autoconfigure.web.client.MockRestServiceServerResetTestExecutionListener@3d84f113, org.springframework.boot.test.autoconfigure.web.servlet.MockMvcPrintOnlyOnFailureTestExecutionListener@51d26fed, org.springframework.boot.test.autoconfigure.web.servlet.WebDriverTestExecutionListener@6779959d, org.springframework.boot.test.autoconfigure.webservices.client.MockWebServiceServerTestExecutionListener@335a45a8, org.springframework.boot.test.mock.mockito.ResetMocksTestExecutionListener@294c36b9]
]]></system-out>
  <system-err><![CDATA[]]></system-err>
</testsuite>
