<?xml version="1.0" encoding="UTF-8"?>
<testsuite name="org.generation.webproject.ItemServiceMySQLTest" tests="1" skipped="0" failures="0" errors="0" timestamp="2022-03-11T01:54:57" hostname="DESKTOP-RV4BEJ5" time="0.01">
  <properties/>
  <testcase name="saveCallsItemsRepositorySave()" classname="org.generation.webproject.ItemServiceMySQLTest" time="0.01"/>
  <system-out><![CDATA[2022-03-11 09:54:57.169  INFO 20912 --- [    Test worker] .b.t.c.SpringBootTestContextBootstrapper : Neither @ContextConfiguration nor @ContextHierarchy found for test class [org.generation.webproject.ItemServiceMySQLTest], using SpringBootContextLoader
2022-03-11 09:54:57.172  INFO 20912 --- [    Test worker] o.s.t.c.support.AbstractContextLoader    : Could not detect default resource locations for test class [org.generation.webproject.ItemServiceMySQLTest]: no resource found for suffixes {-context.xml, Context.groovy}.
2022-03-11 09:54:57.173  INFO 20912 --- [    Test worker] t.c.s.AnnotationConfigContextLoaderUtils : Could not detect default configuration classes for test class [org.generation.webproject.ItemServiceMySQLTest]: ItemServiceMySQLTest does not declare any static, non-private, non-final, nested classes annotated with @Configuration.
2022-03-11 09:54:57.177  INFO 20912 --- [    Test worker] .b.t.c.SpringBootTestContextBootstrapper : Found @SpringBootConfiguration org.generation.webproject.WebprojectApplication for test class org.generation.webproject.ItemServiceMySQLTest
2022-03-11 09:54:57.180  INFO 20912 --- [    Test worker] .b.t.c.SpringBootTestContextBootstrapper : Loaded default TestExecutionListener class names from location [META-INF/spring.factories]: [org.springframework.boot.test.autoconfigure.restdocs.RestDocsTestExecutionListener, org.springframework.boot.test.autoconfigure.web.client.MockRestServiceServerResetTestExecutionListener, org.springframework.boot.test.autoconfigure.web.servlet.MockMvcPrintOnlyOnFailureTestExecutionListener, org.springframework.boot.test.autoconfigure.web.servlet.WebDriverTestExecutionListener, org.springframework.boot.test.autoconfigure.webservices.client.MockWebServiceServerTestExecutionListener, org.springframework.boot.test.mock.mockito.MockitoTestExecutionListener, org.springframework.boot.test.mock.mockito.ResetMocksTestExecutionListener, org.springframework.test.context.web.ServletTestExecutionListener, org.springframework.test.context.support.DirtiesContextBeforeModesTestExecutionListener, org.springframework.test.context.event.ApplicationEventsTestExecutionListener, org.springframework.test.context.support.DependencyInjectionTestExecutionListener, org.springframework.test.context.support.DirtiesContextTestExecutionListener, org.springframework.test.context.transaction.TransactionalTestExecutionListener, org.springframework.test.context.jdbc.SqlScriptsTestExecutionListener, org.springframework.test.context.event.EventPublishingTestExecutionListener]
2022-03-11 09:54:57.181  INFO 20912 --- [    Test worker] .b.t.c.SpringBootTestContextBootstrapper : Using TestExecutionListeners: [org.springframework.test.context.web.ServletTestExecutionListener@2d6e09f0, org.springframework.test.context.support.DirtiesContextBeforeModesTestExecutionListener@257da215, org.springframework.test.context.event.ApplicationEventsTestExecutionListener@5aa461, org.springframework.boot.test.mock.mockito.MockitoTestExecutionListener@f3e6876, org.springframework.boot.test.autoconfigure.SpringBootDependencyInjectionTestExecutionListener@52c2d1e8, org.springframework.test.context.support.DirtiesContextTestExecutionListener@1a67bcaf, org.springframework.test.context.transaction.TransactionalTestExecutionListener@4f4b7a2e, org.springframework.test.context.jdbc.SqlScriptsTestExecutionListener@334ac669, org.springframework.test.context.event.EventPublishingTestExecutionListener@77430c79, org.springframework.boot.test.autoconfigure.restdocs.RestDocsTestExecutionListener@506654fa, org.springframework.boot.test.autoconfigure.web.client.MockRestServiceServerResetTestExecutionListener@4468ced2, org.springframework.boot.test.autoconfigure.web.servlet.MockMvcPrintOnlyOnFailureTestExecutionListener@21f421b8, org.springframework.boot.test.autoconfigure.web.servlet.WebDriverTestExecutionListener@4e3bc13b, org.springframework.boot.test.autoconfigure.webservices.client.MockWebServiceServerTestExecutionListener@2c989d82, org.springframework.boot.test.mock.mockito.ResetMocksTestExecutionListener@2e04c89d]
]]></system-out>
  <system-err><![CDATA[]]></system-err>
</testsuite>
